0 verbose cli node /bin/npm
1 info using npm@9.6.7
2 info using node@v18.16.1
3 verbose node symlink /bin/node
4 timing npm:load:whichnode Completed in 2ms
5 timing config:load:defaults Completed in 2ms
6 timing config:load:file:/lib/node_modules/npm/npmrc Completed in 0ms
7 timing config:load:builtin Completed in 0ms
8 timing config:load:cli Completed in 4ms
9 timing config:load:env Completed in 0ms
10 timing config:load:project Completed in 1ms
11 timing config:load:file:/app/.npmrc Completed in 1ms
12 timing config:load:user Completed in 1ms
13 timing config:load:file:/etc/npmrc Completed in 0ms
14 timing config:load:global Completed in 0ms
15 timing config:load:setEnvs Completed in 2ms
16 timing config:load Completed in 12ms
17 timing npm:load:configload Completed in 12ms
18 timing npm:load:mkdirpcache Completed in 0ms
19 timing npm:load:mkdirplogs Completed in 1ms
20 verbose title npm install npm@9.6.7
21 verbose argv "install" "--global" "npm@9.6.7"
22 timing npm:load:setTitle Completed in 2ms
23 timing config:load:flatten Completed in 5ms
24 timing npm:load:display Completed in 7ms
25 verbose logfile logs-max:10 dir:/app/.npm/_logs/2025-02-03T23_59_43_218Z-
26 verbose logfile /app/.npm/_logs/2025-02-03T23_59_43_218Z-debug-0.log
27 timing npm:load:logFile Completed in 15ms
28 timing npm:load:timers Completed in 0ms
29 timing npm:load:configScope Completed in 0ms
30 timing npm:load Completed in 41ms
31 timing config:load:flatten Completed in 1ms
32 silly logfile done cleaning log files
33 http fetch GET 200 https://registry.npmjs.org/npm 44ms (cache hit)
34 timing arborist:ctor Completed in 1ms
35 timing idealTree:init Completed in 8ms
36 timing idealTree:userRequests Completed in 2ms
37 silly idealTree buildDeps
38 silly fetch manifest npm@9.6.7
39 http fetch GET 200 https://registry.npmjs.org/npm 14ms (cache hit)
40 silly placeDep ROOT npm@9.6.7 OK for:  want: 9.6.7
41 timing idealTree:#root Completed in 57ms
42 timing idealTree:node_modules/npm Completed in 0ms
43 timing idealTree:buildDeps Completed in 59ms
44 timing idealTree:fixDepFlags Completed in 1ms
45 timing idealTree Completed in 73ms
46 timing reify:loadTrees Completed in 236ms
47 timing reify:diffTrees Completed in 9ms
48 silly reify mark retired [ '/lib/node_modules/npm', '/bin/npm', '/bin/npx' ]
49 silly reify moves {
49 silly reify   '/lib/node_modules/npm': '/lib/node_modules/.npm-uVOgyzLu',
49 silly reify   '/bin/npm': '/bin/.npm-bDLRM6pI',
49 silly reify   '/bin/npx': '/bin/.npx-8ZQKUI9c'
49 silly reify }
50 timing reify:retireShallow Completed in 6ms
51 timing reify:createSparse Completed in 0ms
52 timing reifyNode:node_modules/npm Completed in 1790ms
53 timing arborist:ctor Completed in 0ms
54 timing reify:diffTrees Completed in 13ms
55 timing reify:loadBundles Completed in 2145ms
56 timing reify:unpack Completed in 0ms
57 timing reify:unretire Completed in 1ms
58 timing build:queue Completed in 14ms
59 timing build:link:node_modules/npm/node_modules/@npmcli/arborist Completed in 8ms
60 timing build:link:node_modules/npm/node_modules/cross-spawn/node_modules/which Completed in 6ms
61 timing build:link:node_modules/npm/node_modules/node-gyp/node_modules/nopt Completed in 6ms
62 timing build:link:node_modules/npm Completed in 9ms
63 timing build:link:node_modules/npm/node_modules/@npmcli/installed-package-contents Completed in 8ms
64 timing build:link:node_modules/npm/node_modules/color-support Completed in 8ms
65 timing build:link:node_modules/npm/node_modules/glob Completed in 8ms
66 timing build:link:node_modules/npm/node_modules/cssesc Completed in 8ms
67 timing build:link:node_modules/npm/node_modules/mkdirp Completed in 8ms
68 timing build:link:node_modules/npm/node_modules/node-gyp Completed in 8ms
69 timing build:link:node_modules/npm/node_modules/nopt Completed in 8ms
70 timing build:link:node_modules/npm/node_modules/pacote Completed in 8ms
71 timing build:link:node_modules/npm/node_modules/qrcode-terminal Completed in 7ms
72 timing build:link:node_modules/npm/node_modules/rimraf Completed in 7ms
73 timing build:link:node_modules/npm/node_modules/semver Completed in 7ms
74 timing build:link:node_modules/npm/node_modules/sigstore Completed in 7ms
75 timing build:link:node_modules/npm/node_modules/which Completed in 7ms
76 timing build:link:node_modules/npm/node_modules/node-gyp/node_modules/which Completed in 7ms
77 timing build:link Completed in 10ms
78 timing build:deps Completed in 24ms
79 timing build Completed in 25ms
80 timing reify:build Completed in 25ms
81 timing reify:trash Completed in 109ms
82 timing reify Completed in 2541ms
83 silly CHANGE node_modules/npm
84 silly CHANGE node_modules/npm/node_modules/@npmcli/installed-package-contents
85 silly CHANGE node_modules/npm/node_modules/@npmcli/arborist
86 silly CHANGE node_modules/npm/node_modules/which
87 silly CHANGE node_modules/npm/node_modules/sigstore
88 silly CHANGE node_modules/npm/node_modules/semver
89 silly CHANGE node_modules/npm/node_modules/rimraf
90 silly CHANGE node_modules/npm/node_modules/qrcode-terminal
91 silly CHANGE node_modules/npm/node_modules/pacote
92 silly CHANGE node_modules/npm/node_modules/nopt
93 silly CHANGE node_modules/npm/node_modules/mkdirp
94 silly CHANGE node_modules/npm/node_modules/node-gyp
95 silly CHANGE node_modules/npm/node_modules/node-gyp/node_modules/which
96 silly CHANGE node_modules/npm/node_modules/node-gyp/node_modules/nopt
97 silly CHANGE node_modules/npm/node_modules/glob
98 silly CHANGE node_modules/npm/node_modules/cssesc
99 silly CHANGE node_modules/npm/node_modules/cross-spawn/node_modules/which
100 silly CHANGE node_modules/npm/node_modules/color-support
101 timing command:install Completed in 2655ms
102 verbose exit 0
103 timing npm Completed in 2962ms
104 info ok
